[0m08:50:57.110153 [debug] [MainThread]: Sending event: {'category': 'dbt', 'action': 'invocation', 'label': 'start', 'context': [<snowplow_tracker.self_describing_json.SelfDescribingJson object at 0x1076ddee0>, <snowplow_tracker.self_describing_json.SelfDescribingJson object at 0x1095a4ee0>, <snowplow_tracker.self_describing_json.SelfDescribingJson object at 0x1095a4bb0>]}


============================== 08:50:57.117319 | 7780afc6-df6c-4f13-b414-96c84636c163 ==============================
[0m08:50:57.117319 [info ] [MainThread]: Running with dbt=1.8.6
[0m08:50:57.117708 [debug] [MainThread]: running dbt with arguments {'printer_width': '80', 'indirect_selection': 'eager', 'write_json': 'True', 'log_cache_events': 'False', 'partial_parse': 'True', 'cache_selected_only': 'False', 'warn_error': 'None', 'debug': 'False', 'profiles_dir': '/Users/guido.schmutz/Documents/GitHub/gschmutz/bigdata-spark-workshop/11-dbt-spark', 'log_path': 'logs', 'version_check': 'True', 'fail_fast': 'False', 'use_colors': 'True', 'use_experimental_parser': 'False', 'no_print': 'None', 'quiet': 'False', 'empty': 'None', 'log_format': 'default', 'introspect': 'True', 'warn_error_options': 'WarnErrorOptions(include=[], exclude=[])', 'invocation_command': 'dbt debug', 'target_path': 'None', 'static_parser': 'True', 'send_anonymous_usage_stats': 'True'}
[0m08:50:57.272260 [info ] [MainThread]: dbt version: 1.8.6
[0m08:50:57.275910 [info ] [MainThread]: python version: 3.9.6
[0m08:50:57.276241 [info ] [MainThread]: python path: /Users/guido.schmutz/Documents/GitHub/gschmutz/bigdata-spark-workshop/11-dbt-spark/venv/bin/python3
[0m08:50:57.276596 [info ] [MainThread]: os info: macOS-14.3.1-arm64-arm-64bit
[0m08:50:57.286436 [error] [MainThread]: Encountered an error:
Parsing Error
  Env var required but not provided: 'SPARK_THRIFSERVER_HOST'
[0m08:50:57.296562 [debug] [MainThread]: Resource report: {"command_name": "debug", "command_wall_clock_time": 0.32592875, "process_user_time": 0.777859, "process_kernel_time": 0.190037, "process_mem_max_rss": "91258880", "command_success": false, "process_in_blocks": "0", "process_out_blocks": "0"}
[0m08:50:57.297149 [debug] [MainThread]: Command `dbt debug` failed at 08:50:57.297080 after 0.33 seconds
[0m08:50:57.297402 [debug] [MainThread]: Sending event: {'category': 'dbt', 'action': 'invocation', 'label': 'end', 'context': [<snowplow_tracker.self_describing_json.SelfDescribingJson object at 0x1076ddee0>, <snowplow_tracker.self_describing_json.SelfDescribingJson object at 0x10977d160>, <snowplow_tracker.self_describing_json.SelfDescribingJson object at 0x10977dcd0>]}
[0m08:50:57.297653 [debug] [MainThread]: Flushing usage events
[0m08:54:06.390691 [debug] [MainThread]: Sending event: {'category': 'dbt', 'action': 'invocation', 'label': 'start', 'context': [<snowplow_tracker.self_describing_json.SelfDescribingJson object at 0x1098a9df0>, <snowplow_tracker.self_describing_json.SelfDescribingJson object at 0x10b5e3f10>, <snowplow_tracker.self_describing_json.SelfDescribingJson object at 0x10b5e3be0>]}


============================== 08:54:06.396154 | 9326e470-d2ad-4cbb-be67-14ae96636722 ==============================
[0m08:54:06.396154 [info ] [MainThread]: Running with dbt=1.8.6
[0m08:54:06.396571 [debug] [MainThread]: running dbt with arguments {'printer_width': '80', 'indirect_selection': 'eager', 'log_cache_events': 'False', 'write_json': 'True', 'partial_parse': 'True', 'cache_selected_only': 'False', 'profiles_dir': '/Users/guido.schmutz/Documents/GitHub/gschmutz/bigdata-spark-workshop/11-dbt-spark', 'fail_fast': 'False', 'warn_error': 'None', 'log_path': 'logs', 'version_check': 'True', 'debug': 'False', 'use_colors': 'True', 'use_experimental_parser': 'False', 'empty': 'None', 'quiet': 'False', 'no_print': 'None', 'warn_error_options': 'WarnErrorOptions(include=[], exclude=[])', 'static_parser': 'True', 'invocation_command': 'dbt debug', 'introspect': 'True', 'target_path': 'None', 'log_format': 'default', 'send_anonymous_usage_stats': 'True'}
[0m08:54:06.425250 [info ] [MainThread]: dbt version: 1.8.6
[0m08:54:06.425757 [info ] [MainThread]: python version: 3.9.6
[0m08:54:06.425988 [info ] [MainThread]: python path: /Users/guido.schmutz/Documents/GitHub/gschmutz/bigdata-spark-workshop/11-dbt-spark/venv/bin/python3
[0m08:54:06.426169 [info ] [MainThread]: os info: macOS-14.3.1-arm64-arm-64bit
[0m08:54:06.431667 [error] [MainThread]: Encountered an error:
Parsing Error
  Env var required but not provided: 'SPARK_THRIFSERVER_HOST'
[0m08:54:06.433529 [debug] [MainThread]: Resource report: {"command_name": "debug", "command_wall_clock_time": 0.16034675, "process_user_time": 0.75448, "process_kernel_time": 0.208639, "process_mem_max_rss": "92618752", "command_success": false, "process_in_blocks": "0", "process_out_blocks": "0"}
[0m08:54:06.434027 [debug] [MainThread]: Command `dbt debug` failed at 08:54:06.433948 after 0.16 seconds
[0m08:54:06.434312 [debug] [MainThread]: Sending event: {'category': 'dbt', 'action': 'invocation', 'label': 'end', 'context': [<snowplow_tracker.self_describing_json.SelfDescribingJson object at 0x1098a9df0>, <snowplow_tracker.self_describing_json.SelfDescribingJson object at 0x10b6b1d60>, <snowplow_tracker.self_describing_json.SelfDescribingJson object at 0x10b6b1c10>]}
[0m08:54:06.434549 [debug] [MainThread]: Flushing usage events
[0m08:54:21.579176 [debug] [MainThread]: Sending event: {'category': 'dbt', 'action': 'invocation', 'label': 'start', 'context': [<snowplow_tracker.self_describing_json.SelfDescribingJson object at 0x103da5ee0>, <snowplow_tracker.self_describing_json.SelfDescribingJson object at 0x105b61f10>, <snowplow_tracker.self_describing_json.SelfDescribingJson object at 0x105b61be0>]}


============================== 08:54:21.586992 | a946f443-be0c-4e18-94ce-f32f0dff1451 ==============================
[0m08:54:21.586992 [info ] [MainThread]: Running with dbt=1.8.6
[0m08:54:21.587594 [debug] [MainThread]: running dbt with arguments {'printer_width': '80', 'indirect_selection': 'eager', 'write_json': 'True', 'log_cache_events': 'False', 'partial_parse': 'True', 'cache_selected_only': 'False', 'profiles_dir': '/Users/guido.schmutz/Documents/GitHub/gschmutz/bigdata-spark-workshop/11-dbt-spark', 'debug': 'False', 'fail_fast': 'False', 'log_path': 'logs', 'version_check': 'True', 'warn_error': 'None', 'use_colors': 'True', 'use_experimental_parser': 'False', 'empty': 'None', 'quiet': 'False', 'no_print': 'None', 'warn_error_options': 'WarnErrorOptions(include=[], exclude=[])', 'invocation_command': 'dbt debug', 'static_parser': 'True', 'log_format': 'default', 'target_path': 'None', 'introspect': 'True', 'send_anonymous_usage_stats': 'True'}
[0m08:54:21.626617 [info ] [MainThread]: dbt version: 1.8.6
[0m08:54:21.626958 [info ] [MainThread]: python version: 3.9.6
[0m08:54:21.627321 [info ] [MainThread]: python path: /Users/guido.schmutz/Documents/GitHub/gschmutz/bigdata-spark-workshop/11-dbt-spark/venv/bin/python3
[0m08:54:21.627567 [info ] [MainThread]: os info: macOS-14.3.1-arm64-arm-64bit
[0m08:54:21.634360 [error] [MainThread]: Encountered an error:
Parsing Error
  Env var required but not provided: 'SPARK_THRIFSERVER_HOST'
[0m08:54:21.636382 [debug] [MainThread]: Resource report: {"command_name": "debug", "command_wall_clock_time": 0.18407537, "process_user_time": 0.765744, "process_kernel_time": 0.187645, "process_mem_max_rss": "91422720", "command_success": false, "process_in_blocks": "0", "process_out_blocks": "0"}
[0m08:54:21.636848 [debug] [MainThread]: Command `dbt debug` failed at 08:54:21.636781 after 0.18 seconds
[0m08:54:21.637088 [debug] [MainThread]: Sending event: {'category': 'dbt', 'action': 'invocation', 'label': 'end', 'context': [<snowplow_tracker.self_describing_json.SelfDescribingJson object at 0x103da5ee0>, <snowplow_tracker.self_describing_json.SelfDescribingJson object at 0x105c32160>, <snowplow_tracker.self_describing_json.SelfDescribingJson object at 0x105c32d00>]}
[0m08:54:21.637333 [debug] [MainThread]: Flushing usage events
[0m08:54:43.861456 [debug] [MainThread]: Sending event: {'category': 'dbt', 'action': 'invocation', 'label': 'start', 'context': [<snowplow_tracker.self_describing_json.SelfDescribingJson object at 0x105d29f40>, <snowplow_tracker.self_describing_json.SelfDescribingJson object at 0x1078e4c10>, <snowplow_tracker.self_describing_json.SelfDescribingJson object at 0x1078e48e0>]}


============================== 08:54:43.867446 | a3748b33-5e9f-47c1-8f4c-465b0b257d96 ==============================
[0m08:54:43.867446 [info ] [MainThread]: Running with dbt=1.8.6
[0m08:54:43.867858 [debug] [MainThread]: running dbt with arguments {'printer_width': '80', 'indirect_selection': 'eager', 'log_cache_events': 'False', 'write_json': 'True', 'partial_parse': 'True', 'cache_selected_only': 'False', 'profiles_dir': '/Users/guido.schmutz/Documents/GitHub/gschmutz/bigdata-spark-workshop/11-dbt-spark', 'fail_fast': 'False', 'version_check': 'True', 'log_path': 'logs', 'warn_error': 'None', 'debug': 'False', 'use_colors': 'True', 'use_experimental_parser': 'False', 'no_print': 'None', 'quiet': 'False', 'empty': 'None', 'log_format': 'default', 'invocation_command': 'dbt debug', 'static_parser': 'True', 'introspect': 'True', 'target_path': 'None', 'warn_error_options': 'WarnErrorOptions(include=[], exclude=[])', 'send_anonymous_usage_stats': 'True'}
[0m08:54:43.892565 [info ] [MainThread]: dbt version: 1.8.6
[0m08:54:43.892891 [info ] [MainThread]: python version: 3.9.6
[0m08:54:43.893077 [info ] [MainThread]: python path: /Users/guido.schmutz/Documents/GitHub/gschmutz/bigdata-spark-workshop/11-dbt-spark/venv/bin/python3
[0m08:54:43.893255 [info ] [MainThread]: os info: macOS-14.3.1-arm64-arm-64bit
[0m08:54:44.134969 [debug] [MainThread]: Spark adapter: Setting pyhive.hive logging to ERROR
[0m08:54:44.135343 [debug] [MainThread]: Spark adapter: Setting thrift.transport logging to ERROR
[0m08:54:44.135567 [debug] [MainThread]: Spark adapter: Setting thrift.protocol logging to ERROR
[0m08:54:44.161316 [info ] [MainThread]: Error importing adapter: No module named 'dbt.adapters.trino'
[0m08:54:44.161735 [info ] [MainThread]: Using profiles dir at /Users/guido.schmutz/Documents/GitHub/gschmutz/bigdata-spark-workshop/11-dbt-spark
[0m08:54:44.161981 [info ] [MainThread]: Using profiles.yml file at /Users/guido.schmutz/Documents/GitHub/gschmutz/bigdata-spark-workshop/11-dbt-spark/profiles.yml
[0m08:54:44.162184 [info ] [MainThread]: Using dbt_project.yml file at /Users/guido.schmutz/Documents/GitHub/gschmutz/bigdata-spark-workshop/11-dbt-spark/dbt_project.yml
[0m08:54:44.162377 [info ] [MainThread]: Configuration:
[0m08:54:44.162554 [info ] [MainThread]:   profiles.yml file [[31mERROR invalid[0m]
[0m08:54:44.162725 [info ] [MainThread]:   dbt_project.yml file [[31mERROR not found[0m]
[0m08:54:44.162904 [info ] [MainThread]: Required dependencies:
[0m08:54:44.163326 [debug] [MainThread]: Executing "git --help"
[0m08:54:44.237352 [debug] [MainThread]: STDOUT: "b"usage: git [-v | --version] [-h | --help] [-C <path>] [-c <name>=<value>]\n           [--exec-path[=<path>]] [--html-path] [--man-path] [--info-path]\n           [-p | --paginate | -P | --no-pager] [--no-replace-objects] [--bare]\n           [--git-dir=<path>] [--work-tree=<path>] [--namespace=<name>]\n           [--super-prefix=<path>] [--config-env=<name>=<envvar>]\n           <command> [<args>]\n\nThese are common Git commands used in various situations:\n\nstart a working area (see also: git help tutorial)\n   clone     Clone a repository into a new directory\n   init      Create an empty Git repository or reinitialize an existing one\n\nwork on the current change (see also: git help everyday)\n   add       Add file contents to the index\n   mv        Move or rename a file, a directory, or a symlink\n   restore   Restore working tree files\n   rm        Remove files from the working tree and from the index\n\nexamine the history and state (see also: git help revisions)\n   bisect    Use binary search to find the commit that introduced a bug\n   diff      Show changes between commits, commit and working tree, etc\n   grep      Print lines matching a pattern\n   log       Show commit logs\n   show      Show various types of objects\n   status    Show the working tree status\n\ngrow, mark and tweak your common history\n   branch    List, create, or delete branches\n   commit    Record changes to the repository\n   merge     Join two or more development histories together\n   rebase    Reapply commits on top of another base tip\n   reset     Reset current HEAD to the specified state\n   switch    Switch branches\n   tag       Create, list, delete or verify a tag object signed with GPG\n\ncollaborate (see also: git help workflows)\n   fetch     Download objects and refs from another repository\n   pull      Fetch from and integrate with another repository or a local branch\n   push      Update remote refs along with associated objects\n\n'git help -a' and 'git help -g' list available subcommands and some\nconcept guides. See 'git help <command>' or 'git help <concept>'\nto read about a specific subcommand or concept.\nSee 'git help git' for an overview of the system.\n""
[0m08:54:44.238088 [debug] [MainThread]: STDERR: "b''"
[0m08:54:44.238346 [info ] [MainThread]:  - git [[32mOK found[0m]

[0m08:54:44.238579 [info ] [MainThread]: Connection test skipped since no profile was found
[0m08:54:44.239120 [info ] [MainThread]: [31m2 checks failed:[0m
[0m08:54:44.239375 [info ] [MainThread]: Could not load dbt_project.yml
Profile loading failed for the following reason:
Runtime Error
  Credentials in profile "diff_pipeline_trino", target "dev" invalid: Runtime Error
    Could not find adapter type trino!


[0m08:54:44.239567 [info ] [MainThread]: Project loading failed for the following reason:
 project path </Users/guido.schmutz/Documents/GitHub/gschmutz/bigdata-spark-workshop/11-dbt-spark/dbt_project.yml> not found

[0m08:54:44.241750 [debug] [MainThread]: Resource report: {"command_name": "debug", "command_wall_clock_time": 0.4916851, "process_user_time": 0.823583, "process_kernel_time": 0.224804, "process_mem_max_rss": "100155392", "command_success": false, "process_in_blocks": "0", "process_out_blocks": "0"}
[0m08:54:44.242372 [debug] [MainThread]: Command `dbt debug` failed at 08:54:44.242289 after 0.49 seconds
[0m08:54:44.242753 [debug] [MainThread]: Sending event: {'category': 'dbt', 'action': 'invocation', 'label': 'end', 'context': [<snowplow_tracker.self_describing_json.SelfDescribingJson object at 0x105d29f40>, <snowplow_tracker.self_describing_json.SelfDescribingJson object at 0x110077d90>, <snowplow_tracker.self_describing_json.SelfDescribingJson object at 0x10789e550>]}
[0m08:54:44.243087 [debug] [MainThread]: Flushing usage events
[0m08:55:57.765805 [debug] [MainThread]: Sending event: {'category': 'dbt', 'action': 'invocation', 'label': 'start', 'context': [<snowplow_tracker.self_describing_json.SelfDescribingJson object at 0x106845eb0>, <snowplow_tracker.self_describing_json.SelfDescribingJson object at 0x1129dfe50>, <snowplow_tracker.self_describing_json.SelfDescribingJson object at 0x1129dfb20>]}


============================== 08:55:57.775896 | 5ab90919-7df7-484b-8de9-6e841610ca9d ==============================
[0m08:55:57.775896 [info ] [MainThread]: Running with dbt=1.8.6
[0m08:55:57.776350 [debug] [MainThread]: running dbt with arguments {'printer_width': '80', 'indirect_selection': 'eager', 'log_cache_events': 'False', 'write_json': 'True', 'partial_parse': 'True', 'cache_selected_only': 'False', 'warn_error': 'None', 'fail_fast': 'False', 'profiles_dir': '/Users/guido.schmutz/.dbt', 'log_path': 'logs', 'version_check': 'True', 'debug': 'False', 'use_colors': 'True', 'use_experimental_parser': 'False', 'no_print': 'None', 'quiet': 'False', 'empty': 'None', 'warn_error_options': 'WarnErrorOptions(include=[], exclude=[])', 'invocation_command': 'dbt debug', 'static_parser': 'True', 'introspect': 'True', 'target_path': 'None', 'log_format': 'default', 'send_anonymous_usage_stats': 'True'}
[0m08:55:57.920215 [info ] [MainThread]: dbt version: 1.8.6
[0m08:55:57.921069 [info ] [MainThread]: python version: 3.9.6
[0m08:55:57.921628 [info ] [MainThread]: python path: /Users/guido.schmutz/Documents/GitHub/gschmutz/bigdata-spark-workshop/11-dbt-spark/venv/bin/python3
[0m08:55:57.922351 [info ] [MainThread]: os info: macOS-14.3.1-arm64-arm-64bit
[0m08:56:00.382359 [debug] [MainThread]: Spark adapter: Setting pyhive.hive logging to ERROR
[0m08:56:00.382842 [debug] [MainThread]: Spark adapter: Setting thrift.transport logging to ERROR
[0m08:56:00.383183 [debug] [MainThread]: Spark adapter: Setting thrift.protocol logging to ERROR
[0m08:56:00.407411 [info ] [MainThread]: Using profiles dir at /Users/guido.schmutz/.dbt
[0m08:56:00.407899 [info ] [MainThread]: Using profiles.yml file at /Users/guido.schmutz/.dbt/profiles.yml
[0m08:56:00.408177 [info ] [MainThread]: Using dbt_project.yml file at /Users/guido.schmutz/Documents/GitHub/gschmutz/bigdata-spark-workshop/11-dbt-spark/dbt_project.yml
[0m08:56:00.408408 [info ] [MainThread]: adapter type: spark
[0m08:56:00.408589 [info ] [MainThread]: adapter version: 1.8.0
[0m08:56:00.408780 [info ] [MainThread]: Configuration:
[0m08:56:00.408952 [info ] [MainThread]:   profiles.yml file [[32mOK found and valid[0m]
[0m08:56:00.409121 [info ] [MainThread]:   dbt_project.yml file [[31mERROR not found[0m]
[0m08:56:00.409430 [info ] [MainThread]: Required dependencies:
[0m08:56:00.410025 [debug] [MainThread]: Executing "git --help"
[0m08:56:00.463516 [debug] [MainThread]: STDOUT: "b"usage: git [-v | --version] [-h | --help] [-C <path>] [-c <name>=<value>]\n           [--exec-path[=<path>]] [--html-path] [--man-path] [--info-path]\n           [-p | --paginate | -P | --no-pager] [--no-replace-objects] [--bare]\n           [--git-dir=<path>] [--work-tree=<path>] [--namespace=<name>]\n           [--super-prefix=<path>] [--config-env=<name>=<envvar>]\n           <command> [<args>]\n\nThese are common Git commands used in various situations:\n\nstart a working area (see also: git help tutorial)\n   clone     Clone a repository into a new directory\n   init      Create an empty Git repository or reinitialize an existing one\n\nwork on the current change (see also: git help everyday)\n   add       Add file contents to the index\n   mv        Move or rename a file, a directory, or a symlink\n   restore   Restore working tree files\n   rm        Remove files from the working tree and from the index\n\nexamine the history and state (see also: git help revisions)\n   bisect    Use binary search to find the commit that introduced a bug\n   diff      Show changes between commits, commit and working tree, etc\n   grep      Print lines matching a pattern\n   log       Show commit logs\n   show      Show various types of objects\n   status    Show the working tree status\n\ngrow, mark and tweak your common history\n   branch    List, create, or delete branches\n   commit    Record changes to the repository\n   merge     Join two or more development histories together\n   rebase    Reapply commits on top of another base tip\n   reset     Reset current HEAD to the specified state\n   switch    Switch branches\n   tag       Create, list, delete or verify a tag object signed with GPG\n\ncollaborate (see also: git help workflows)\n   fetch     Download objects and refs from another repository\n   pull      Fetch from and integrate with another repository or a local branch\n   push      Update remote refs along with associated objects\n\n'git help -a' and 'git help -g' list available subcommands and some\nconcept guides. See 'git help <command>' or 'git help <concept>'\nto read about a specific subcommand or concept.\nSee 'git help git' for an overview of the system.\n""
[0m08:56:00.464249 [debug] [MainThread]: STDERR: "b''"
[0m08:56:00.464508 [info ] [MainThread]:  - git [[32mOK found[0m]

[0m08:56:00.464738 [info ] [MainThread]: Connection:
[0m08:56:00.464994 [info ] [MainThread]:   host: localhost
[0m08:56:00.465175 [info ] [MainThread]:   port: 28118
[0m08:56:00.465354 [info ] [MainThread]:   cluster: None
[0m08:56:00.465528 [info ] [MainThread]:   endpoint: None
[0m08:56:00.465690 [info ] [MainThread]:   schema: fligh_demo_db
[0m08:56:00.465852 [info ] [MainThread]:   organization: 0
[0m08:56:00.466318 [info ] [MainThread]: Registered adapter: spark=1.8.0
[0m08:56:00.487486 [debug] [MainThread]: Acquiring new spark connection 'debug'
[0m08:56:00.488512 [debug] [MainThread]: Using spark connection "debug"
[0m08:56:00.489335 [debug] [MainThread]: On debug: select 1 as id
[0m08:56:00.489546 [debug] [MainThread]: Opening a new connection, currently in state init
[0m08:56:00.495254 [error] [MainThread]: Could not connect to any of [('::1', 28118, 0, 0), ('127.0.0.1', 28118)]
[0m08:56:00.495766 [debug] [MainThread]: Spark adapter: Error while running:
select 1 as id
[0m08:56:00.495973 [debug] [MainThread]: Spark adapter: Database Error
  failed to connect
[0m08:56:00.496232 [info ] [MainThread]:   Connection test: [[31mERROR[0m]

[0m08:56:00.496522 [info ] [MainThread]: [31m2 checks failed:[0m
[0m08:56:00.496718 [info ] [MainThread]: Project loading failed for the following reason:
 project path </Users/guido.schmutz/Documents/GitHub/gschmutz/bigdata-spark-workshop/11-dbt-spark/dbt_project.yml> not found

[0m08:56:00.496924 [info ] [MainThread]: dbt was unable to connect to the specified database.
The database returned the following error:

  >Runtime Error
  Database Error
    failed to connect

Check your database credentials and try again. For more information, visit:
https://docs.getdbt.com/docs/configure-your-profile


[0m08:56:00.503146 [debug] [MainThread]: Resource report: {"command_name": "debug", "command_wall_clock_time": 2.921072, "process_user_time": 1.5464, "process_kernel_time": 0.701571, "process_mem_max_rss": "101613568", "command_success": false, "process_in_blocks": "0", "process_out_blocks": "0"}
[0m08:56:00.503744 [debug] [MainThread]: Command `dbt debug` failed at 08:56:00.503661 after 2.92 seconds
[0m08:56:00.504052 [debug] [MainThread]: Connection 'debug' was properly closed.
[0m08:56:00.504308 [debug] [MainThread]: Sending event: {'category': 'dbt', 'action': 'invocation', 'label': 'end', 'context': [<snowplow_tracker.self_describing_json.SelfDescribingJson object at 0x106845eb0>, <snowplow_tracker.self_describing_json.SelfDescribingJson object at 0x112aac0d0>, <snowplow_tracker.self_describing_json.SelfDescribingJson object at 0x11315ab20>]}
[0m08:56:00.504587 [debug] [MainThread]: Flushing usage events
[0m08:56:45.071656 [debug] [MainThread]: Sending event: {'category': 'dbt', 'action': 'invocation', 'label': 'start', 'context': [<snowplow_tracker.self_describing_json.SelfDescribingJson object at 0x102044f70>, <snowplow_tracker.self_describing_json.SelfDescribingJson object at 0x103be0bb0>, <snowplow_tracker.self_describing_json.SelfDescribingJson object at 0x103be0880>]}


============================== 08:56:45.076807 | 647727fc-333e-4b41-8d98-a65756bffdc7 ==============================
[0m08:56:45.076807 [info ] [MainThread]: Running with dbt=1.8.6
[0m08:56:45.077241 [debug] [MainThread]: running dbt with arguments {'printer_width': '80', 'indirect_selection': 'eager', 'write_json': 'True', 'log_cache_events': 'False', 'partial_parse': 'True', 'cache_selected_only': 'False', 'profiles_dir': '/Users/guido.schmutz/.dbt', 'version_check': 'True', 'debug': 'False', 'log_path': 'logs', 'fail_fast': 'False', 'warn_error': 'None', 'use_colors': 'True', 'use_experimental_parser': 'False', 'no_print': 'None', 'quiet': 'False', 'empty': 'None', 'warn_error_options': 'WarnErrorOptions(include=[], exclude=[])', 'invocation_command': 'dbt debug', 'introspect': 'True', 'log_format': 'default', 'target_path': 'None', 'static_parser': 'True', 'send_anonymous_usage_stats': 'True'}
[0m08:56:45.129736 [info ] [MainThread]: dbt version: 1.8.6
[0m08:56:45.130053 [info ] [MainThread]: python version: 3.9.6
[0m08:56:45.130241 [info ] [MainThread]: python path: /Users/guido.schmutz/Documents/GitHub/gschmutz/bigdata-spark-workshop/11-dbt-spark/venv/bin/python3
[0m08:56:45.130426 [info ] [MainThread]: os info: macOS-14.3.1-arm64-arm-64bit
[0m08:56:45.338308 [debug] [MainThread]: Spark adapter: Setting pyhive.hive logging to ERROR
[0m08:56:45.338705 [debug] [MainThread]: Spark adapter: Setting thrift.transport logging to ERROR
[0m08:56:45.338912 [debug] [MainThread]: Spark adapter: Setting thrift.protocol logging to ERROR
[0m08:56:45.360522 [info ] [MainThread]: Using profiles dir at /Users/guido.schmutz/.dbt
[0m08:56:45.360940 [info ] [MainThread]: Using profiles.yml file at /Users/guido.schmutz/.dbt/profiles.yml
[0m08:56:45.361272 [info ] [MainThread]: Using dbt_project.yml file at /Users/guido.schmutz/Documents/GitHub/gschmutz/bigdata-spark-workshop/11-dbt-spark/dbt_project.yml
[0m08:56:45.361480 [info ] [MainThread]: adapter type: spark
[0m08:56:45.361651 [info ] [MainThread]: adapter version: 1.8.0
[0m08:56:45.361834 [info ] [MainThread]: Configuration:
[0m08:56:45.361992 [info ] [MainThread]:   profiles.yml file [[32mOK found and valid[0m]
[0m08:56:45.362146 [info ] [MainThread]:   dbt_project.yml file [[31mERROR not found[0m]
[0m08:56:45.362298 [info ] [MainThread]: Required dependencies:
[0m08:56:45.362792 [debug] [MainThread]: Executing "git --help"
[0m08:56:45.415354 [debug] [MainThread]: STDOUT: "b"usage: git [-v | --version] [-h | --help] [-C <path>] [-c <name>=<value>]\n           [--exec-path[=<path>]] [--html-path] [--man-path] [--info-path]\n           [-p | --paginate | -P | --no-pager] [--no-replace-objects] [--bare]\n           [--git-dir=<path>] [--work-tree=<path>] [--namespace=<name>]\n           [--super-prefix=<path>] [--config-env=<name>=<envvar>]\n           <command> [<args>]\n\nThese are common Git commands used in various situations:\n\nstart a working area (see also: git help tutorial)\n   clone     Clone a repository into a new directory\n   init      Create an empty Git repository or reinitialize an existing one\n\nwork on the current change (see also: git help everyday)\n   add       Add file contents to the index\n   mv        Move or rename a file, a directory, or a symlink\n   restore   Restore working tree files\n   rm        Remove files from the working tree and from the index\n\nexamine the history and state (see also: git help revisions)\n   bisect    Use binary search to find the commit that introduced a bug\n   diff      Show changes between commits, commit and working tree, etc\n   grep      Print lines matching a pattern\n   log       Show commit logs\n   show      Show various types of objects\n   status    Show the working tree status\n\ngrow, mark and tweak your common history\n   branch    List, create, or delete branches\n   commit    Record changes to the repository\n   merge     Join two or more development histories together\n   rebase    Reapply commits on top of another base tip\n   reset     Reset current HEAD to the specified state\n   switch    Switch branches\n   tag       Create, list, delete or verify a tag object signed with GPG\n\ncollaborate (see also: git help workflows)\n   fetch     Download objects and refs from another repository\n   pull      Fetch from and integrate with another repository or a local branch\n   push      Update remote refs along with associated objects\n\n'git help -a' and 'git help -g' list available subcommands and some\nconcept guides. See 'git help <command>' or 'git help <concept>'\nto read about a specific subcommand or concept.\nSee 'git help git' for an overview of the system.\n""
[0m08:56:45.416065 [debug] [MainThread]: STDERR: "b''"
[0m08:56:45.416400 [info ] [MainThread]:  - git [[32mOK found[0m]

[0m08:56:45.416680 [info ] [MainThread]: Connection:
[0m08:56:45.416997 [info ] [MainThread]:   host: localhost
[0m08:56:45.417188 [info ] [MainThread]:   port: 28118
[0m08:56:45.417358 [info ] [MainThread]:   cluster: None
[0m08:56:45.417520 [info ] [MainThread]:   endpoint: None
[0m08:56:45.417678 [info ] [MainThread]:   schema: fligh_demo_db
[0m08:56:45.417831 [info ] [MainThread]:   organization: 0
[0m08:56:45.418300 [info ] [MainThread]: Registered adapter: spark=1.8.0
[0m08:56:45.422940 [debug] [MainThread]: Acquiring new spark connection 'debug'
[0m08:56:45.423674 [debug] [MainThread]: Using spark connection "debug"
[0m08:56:45.423974 [debug] [MainThread]: On debug: select 1 as id
[0m08:56:45.424921 [debug] [MainThread]: Opening a new connection, currently in state init
[0m08:56:45.429038 [error] [MainThread]: Could not connect to any of [('::1', 28118, 0, 0), ('127.0.0.1', 28118)]
[0m08:56:45.429456 [debug] [MainThread]: Spark adapter: Error while running:
select 1 as id
[0m08:56:45.429664 [debug] [MainThread]: Spark adapter: Database Error
  failed to connect
[0m08:56:45.430068 [info ] [MainThread]:   Connection test: [[31mERROR[0m]

[0m08:56:45.430409 [info ] [MainThread]: [31m2 checks failed:[0m
[0m08:56:45.430627 [info ] [MainThread]: Project loading failed for the following reason:
 project path </Users/guido.schmutz/Documents/GitHub/gschmutz/bigdata-spark-workshop/11-dbt-spark/dbt_project.yml> not found

[0m08:56:45.430832 [info ] [MainThread]: dbt was unable to connect to the specified database.
The database returned the following error:

  >Runtime Error
  Database Error
    failed to connect

Check your database credentials and try again. For more information, visit:
https://docs.getdbt.com/docs/configure-your-profile


[0m08:56:45.432394 [debug] [MainThread]: Resource report: {"command_name": "debug", "command_wall_clock_time": 0.50334424, "process_user_time": 0.823001, "process_kernel_time": 0.235277, "process_mem_max_rss": "99844096", "command_success": false, "process_in_blocks": "0", "process_out_blocks": "0"}
[0m08:56:45.433008 [debug] [MainThread]: Command `dbt debug` failed at 08:56:45.432932 after 0.50 seconds
[0m08:56:45.433394 [debug] [MainThread]: Connection 'debug' was properly closed.
[0m08:56:45.433684 [debug] [MainThread]: Sending event: {'category': 'dbt', 'action': 'invocation', 'label': 'end', 'context': [<snowplow_tracker.self_describing_json.SelfDescribingJson object at 0x102044f70>, <snowplow_tracker.self_describing_json.SelfDescribingJson object at 0x104202700>, <snowplow_tracker.self_describing_json.SelfDescribingJson object at 0x104202d00>]}
[0m08:56:45.433976 [debug] [MainThread]: Flushing usage events
[0m08:57:07.162466 [debug] [MainThread]: Sending event: {'category': 'dbt', 'action': 'invocation', 'label': 'start', 'context': [<snowplow_tracker.self_describing_json.SelfDescribingJson object at 0x1048e4fa0>, <snowplow_tracker.self_describing_json.SelfDescribingJson object at 0x10649fbe0>, <snowplow_tracker.self_describing_json.SelfDescribingJson object at 0x10649f8b0>]}


============================== 08:57:07.168289 | 5dd51d14-85da-42f3-a73e-41b4a416f1fa ==============================
[0m08:57:07.168289 [info ] [MainThread]: Running with dbt=1.8.6
[0m08:57:07.168684 [debug] [MainThread]: running dbt with arguments {'printer_width': '80', 'indirect_selection': 'eager', 'log_cache_events': 'False', 'write_json': 'True', 'partial_parse': 'True', 'cache_selected_only': 'False', 'warn_error': 'None', 'version_check': 'True', 'debug': 'False', 'log_path': 'logs', 'profiles_dir': '/Users/guido.schmutz/.dbt', 'fail_fast': 'False', 'use_colors': 'True', 'use_experimental_parser': 'False', 'no_print': 'None', 'quiet': 'False', 'empty': 'None', 'warn_error_options': 'WarnErrorOptions(include=[], exclude=[])', 'invocation_command': 'dbt debug', 'introspect': 'True', 'static_parser': 'True', 'target_path': 'None', 'log_format': 'default', 'send_anonymous_usage_stats': 'True'}
[0m08:57:07.210008 [info ] [MainThread]: dbt version: 1.8.6
[0m08:57:07.210321 [info ] [MainThread]: python version: 3.9.6
[0m08:57:07.210509 [info ] [MainThread]: python path: /Users/guido.schmutz/Documents/GitHub/gschmutz/bigdata-spark-workshop/11-dbt-spark/venv/bin/python3
[0m08:57:07.210689 [info ] [MainThread]: os info: macOS-14.3.1-arm64-arm-64bit
[0m08:57:07.407718 [debug] [MainThread]: Spark adapter: Setting pyhive.hive logging to ERROR
[0m08:57:07.408123 [debug] [MainThread]: Spark adapter: Setting thrift.transport logging to ERROR
[0m08:57:07.408330 [debug] [MainThread]: Spark adapter: Setting thrift.protocol logging to ERROR
[0m08:57:07.429550 [info ] [MainThread]: Using profiles dir at /Users/guido.schmutz/.dbt
[0m08:57:07.429919 [info ] [MainThread]: Using profiles.yml file at /Users/guido.schmutz/.dbt/profiles.yml
[0m08:57:07.430116 [info ] [MainThread]: Using dbt_project.yml file at /Users/guido.schmutz/Documents/GitHub/gschmutz/bigdata-spark-workshop/11-dbt-spark/dbt_project.yml
[0m08:57:07.430311 [info ] [MainThread]: adapter type: spark
[0m08:57:07.430480 [info ] [MainThread]: adapter version: 1.8.0
[0m08:57:07.430660 [info ] [MainThread]: Configuration:
[0m08:57:07.430825 [info ] [MainThread]:   profiles.yml file [[32mOK found and valid[0m]
[0m08:57:07.430984 [info ] [MainThread]:   dbt_project.yml file [[31mERROR not found[0m]
[0m08:57:07.431139 [info ] [MainThread]: Required dependencies:
[0m08:57:07.431552 [debug] [MainThread]: Executing "git --help"
[0m08:57:07.495977 [debug] [MainThread]: STDOUT: "b"usage: git [-v | --version] [-h | --help] [-C <path>] [-c <name>=<value>]\n           [--exec-path[=<path>]] [--html-path] [--man-path] [--info-path]\n           [-p | --paginate | -P | --no-pager] [--no-replace-objects] [--bare]\n           [--git-dir=<path>] [--work-tree=<path>] [--namespace=<name>]\n           [--super-prefix=<path>] [--config-env=<name>=<envvar>]\n           <command> [<args>]\n\nThese are common Git commands used in various situations:\n\nstart a working area (see also: git help tutorial)\n   clone     Clone a repository into a new directory\n   init      Create an empty Git repository or reinitialize an existing one\n\nwork on the current change (see also: git help everyday)\n   add       Add file contents to the index\n   mv        Move or rename a file, a directory, or a symlink\n   restore   Restore working tree files\n   rm        Remove files from the working tree and from the index\n\nexamine the history and state (see also: git help revisions)\n   bisect    Use binary search to find the commit that introduced a bug\n   diff      Show changes between commits, commit and working tree, etc\n   grep      Print lines matching a pattern\n   log       Show commit logs\n   show      Show various types of objects\n   status    Show the working tree status\n\ngrow, mark and tweak your common history\n   branch    List, create, or delete branches\n   commit    Record changes to the repository\n   merge     Join two or more development histories together\n   rebase    Reapply commits on top of another base tip\n   reset     Reset current HEAD to the specified state\n   switch    Switch branches\n   tag       Create, list, delete or verify a tag object signed with GPG\n\ncollaborate (see also: git help workflows)\n   fetch     Download objects and refs from another repository\n   pull      Fetch from and integrate with another repository or a local branch\n   push      Update remote refs along with associated objects\n\n'git help -a' and 'git help -g' list available subcommands and some\nconcept guides. See 'git help <command>' or 'git help <concept>'\nto read about a specific subcommand or concept.\nSee 'git help git' for an overview of the system.\n""
[0m08:57:07.496751 [debug] [MainThread]: STDERR: "b''"
[0m08:57:07.497013 [info ] [MainThread]:  - git [[32mOK found[0m]

[0m08:57:07.497236 [info ] [MainThread]: Connection:
[0m08:57:07.497602 [info ] [MainThread]:   host: localhost
[0m08:57:07.497855 [info ] [MainThread]:   port: 28118
[0m08:57:07.498037 [info ] [MainThread]:   cluster: None
[0m08:57:07.498383 [info ] [MainThread]:   endpoint: None
[0m08:57:07.498627 [info ] [MainThread]:   schema: fligh_demo_db
[0m08:57:07.498819 [info ] [MainThread]:   organization: 0
[0m08:57:07.499332 [info ] [MainThread]: Registered adapter: spark=1.8.0
[0m08:57:07.504532 [debug] [MainThread]: Acquiring new spark connection 'debug'
[0m08:57:07.505382 [debug] [MainThread]: Using spark connection "debug"
[0m08:57:07.505593 [debug] [MainThread]: On debug: select 1 as id
[0m08:57:07.506345 [debug] [MainThread]: Opening a new connection, currently in state init
[0m08:57:07.514414 [debug] [MainThread]: Spark adapter: Error while running:
select 1 as id
[0m08:57:07.514753 [debug] [MainThread]: Spark adapter: Database Error
  failed to connect
[0m08:57:07.515063 [info ] [MainThread]:   Connection test: [[31mERROR[0m]

[0m08:57:07.515493 [info ] [MainThread]: [31m2 checks failed:[0m
[0m08:57:07.515727 [info ] [MainThread]: Project loading failed for the following reason:
 project path </Users/guido.schmutz/Documents/GitHub/gschmutz/bigdata-spark-workshop/11-dbt-spark/dbt_project.yml> not found

[0m08:57:07.515926 [info ] [MainThread]: dbt was unable to connect to the specified database.
The database returned the following error:

  >Runtime Error
  Database Error
    failed to connect

Check your database credentials and try again. For more information, visit:
https://docs.getdbt.com/docs/configure-your-profile


[0m08:57:07.517981 [debug] [MainThread]: Resource report: {"command_name": "debug", "command_wall_clock_time": 0.4728614, "process_user_time": 0.792723, "process_kernel_time": 0.223956, "process_mem_max_rss": "99106816", "command_success": false, "process_in_blocks": "0", "process_out_blocks": "0"}
[0m08:57:07.518556 [debug] [MainThread]: Command `dbt debug` failed at 08:57:07.518457 after 0.47 seconds
[0m08:57:07.518870 [debug] [MainThread]: Connection 'debug' was properly closed.
[0m08:57:07.519112 [debug] [MainThread]: Sending event: {'category': 'dbt', 'action': 'invocation', 'label': 'end', 'context': [<snowplow_tracker.self_describing_json.SelfDescribingJson object at 0x1048e4fa0>, <snowplow_tracker.self_describing_json.SelfDescribingJson object at 0x106bc6d90>, <snowplow_tracker.self_describing_json.SelfDescribingJson object at 0x106bc6d30>]}
[0m08:57:07.519391 [debug] [MainThread]: Flushing usage events
[0m09:23:36.727742 [debug] [MainThread]: Sending event: {'category': 'dbt', 'action': 'invocation', 'label': 'start', 'context': [<snowplow_tracker.self_describing_json.SelfDescribingJson object at 0x106f81f10>, <snowplow_tracker.self_describing_json.SelfDescribingJson object at 0x109763a60>, <snowplow_tracker.self_describing_json.SelfDescribingJson object at 0x109763730>]}


============================== 09:23:36.732058 | 0411610c-d244-4621-adac-a4d28662090f ==============================
[0m09:23:36.732058 [info ] [MainThread]: Running with dbt=1.8.6
[0m09:23:36.732578 [debug] [MainThread]: running dbt with arguments {'printer_width': '80', 'indirect_selection': 'eager', 'write_json': 'True', 'log_cache_events': 'False', 'partial_parse': 'True', 'cache_selected_only': 'False', 'profiles_dir': '/Users/guido.schmutz/.dbt', 'fail_fast': 'False', 'version_check': 'True', 'log_path': 'logs', 'debug': 'False', 'warn_error': 'None', 'use_colors': 'True', 'use_experimental_parser': 'False', 'empty': 'None', 'quiet': 'False', 'no_print': 'None', 'log_format': 'default', 'invocation_command': 'dbt debug', 'static_parser': 'True', 'warn_error_options': 'WarnErrorOptions(include=[], exclude=[])', 'target_path': 'None', 'introspect': 'True', 'send_anonymous_usage_stats': 'True'}
[0m09:23:36.758968 [info ] [MainThread]: dbt version: 1.8.6
[0m09:23:36.759271 [info ] [MainThread]: python version: 3.9.6
[0m09:23:36.759506 [info ] [MainThread]: python path: /Users/guido.schmutz/Documents/GitHub/gschmutz/bigdata-spark-workshop/11-dbt-spark/venv/bin/python3
[0m09:23:36.759710 [info ] [MainThread]: os info: macOS-14.3.1-arm64-arm-64bit
[0m09:23:36.978160 [debug] [MainThread]: Spark adapter: Setting pyhive.hive logging to ERROR
[0m09:23:36.978648 [debug] [MainThread]: Spark adapter: Setting thrift.transport logging to ERROR
[0m09:23:36.978903 [debug] [MainThread]: Spark adapter: Setting thrift.protocol logging to ERROR
[0m09:23:37.002486 [info ] [MainThread]: Using profiles dir at /Users/guido.schmutz/.dbt
[0m09:23:37.002828 [info ] [MainThread]: Using profiles.yml file at /Users/guido.schmutz/.dbt/profiles.yml
[0m09:23:37.003033 [info ] [MainThread]: Using dbt_project.yml file at /Users/guido.schmutz/Documents/GitHub/gschmutz/bigdata-spark-workshop/11-dbt-spark/dbt_project.yml
[0m09:23:37.003231 [info ] [MainThread]: adapter type: spark
[0m09:23:37.003412 [info ] [MainThread]: adapter version: 1.8.0
[0m09:23:37.003637 [info ] [MainThread]: Configuration:
[0m09:23:37.003864 [info ] [MainThread]:   profiles.yml file [[32mOK found and valid[0m]
[0m09:23:37.004099 [info ] [MainThread]:   dbt_project.yml file [[31mERROR not found[0m]
[0m09:23:37.004301 [info ] [MainThread]: Required dependencies:
[0m09:23:37.004739 [debug] [MainThread]: Executing "git --help"
[0m09:23:37.065352 [debug] [MainThread]: STDOUT: "b"usage: git [-v | --version] [-h | --help] [-C <path>] [-c <name>=<value>]\n           [--exec-path[=<path>]] [--html-path] [--man-path] [--info-path]\n           [-p | --paginate | -P | --no-pager] [--no-replace-objects] [--bare]\n           [--git-dir=<path>] [--work-tree=<path>] [--namespace=<name>]\n           [--super-prefix=<path>] [--config-env=<name>=<envvar>]\n           <command> [<args>]\n\nThese are common Git commands used in various situations:\n\nstart a working area (see also: git help tutorial)\n   clone     Clone a repository into a new directory\n   init      Create an empty Git repository or reinitialize an existing one\n\nwork on the current change (see also: git help everyday)\n   add       Add file contents to the index\n   mv        Move or rename a file, a directory, or a symlink\n   restore   Restore working tree files\n   rm        Remove files from the working tree and from the index\n\nexamine the history and state (see also: git help revisions)\n   bisect    Use binary search to find the commit that introduced a bug\n   diff      Show changes between commits, commit and working tree, etc\n   grep      Print lines matching a pattern\n   log       Show commit logs\n   show      Show various types of objects\n   status    Show the working tree status\n\ngrow, mark and tweak your common history\n   branch    List, create, or delete branches\n   commit    Record changes to the repository\n   merge     Join two or more development histories together\n   rebase    Reapply commits on top of another base tip\n   reset     Reset current HEAD to the specified state\n   switch    Switch branches\n   tag       Create, list, delete or verify a tag object signed with GPG\n\ncollaborate (see also: git help workflows)\n   fetch     Download objects and refs from another repository\n   pull      Fetch from and integrate with another repository or a local branch\n   push      Update remote refs along with associated objects\n\n'git help -a' and 'git help -g' list available subcommands and some\nconcept guides. See 'git help <command>' or 'git help <concept>'\nto read about a specific subcommand or concept.\nSee 'git help git' for an overview of the system.\n""
[0m09:23:37.066045 [debug] [MainThread]: STDERR: "b''"
[0m09:23:37.066278 [info ] [MainThread]:  - git [[32mOK found[0m]

[0m09:23:37.066503 [info ] [MainThread]: Connection:
[0m09:23:37.066803 [info ] [MainThread]:   host: localhost
[0m09:23:37.067047 [info ] [MainThread]:   port: 28118
[0m09:23:37.067224 [info ] [MainThread]:   cluster: None
[0m09:23:37.067397 [info ] [MainThread]:   endpoint: None
[0m09:23:37.067560 [info ] [MainThread]:   schema: fligh_demo_db
[0m09:23:37.067722 [info ] [MainThread]:   organization: 0
[0m09:23:37.068154 [info ] [MainThread]: Registered adapter: spark=1.8.0
[0m09:23:37.074062 [debug] [MainThread]: Acquiring new spark connection 'debug'
[0m09:23:37.075094 [debug] [MainThread]: Using spark connection "debug"
[0m09:23:37.075300 [debug] [MainThread]: On debug: select 1 as id
[0m09:23:37.076943 [debug] [MainThread]: Opening a new connection, currently in state init
[0m09:23:39.660787 [debug] [MainThread]: Spark adapter: Poll status: 2, query complete
[0m09:23:39.661717 [debug] [MainThread]: SQL status: OK in 2.585 seconds
[0m09:23:39.663727 [debug] [MainThread]: On debug: Close
[0m09:23:41.322057 [info ] [MainThread]:   Connection test: [[32mOK connection ok[0m]

[0m09:23:41.323671 [info ] [MainThread]: [31m1 check failed:[0m
[0m09:23:41.324560 [info ] [MainThread]: Project loading failed for the following reason:
 project path </Users/guido.schmutz/Documents/GitHub/gschmutz/bigdata-spark-workshop/11-dbt-spark/dbt_project.yml> not found

[0m09:23:41.329612 [debug] [MainThread]: Resource report: {"command_name": "debug", "command_wall_clock_time": 4.75106, "process_user_time": 0.817261, "process_kernel_time": 0.280245, "process_mem_max_rss": "100188160", "command_success": false, "process_in_blocks": "0", "process_out_blocks": "0"}
[0m09:23:41.330210 [debug] [MainThread]: Command `dbt debug` failed at 09:23:41.330138 after 4.75 seconds
[0m09:23:41.330479 [debug] [MainThread]: Connection 'debug' was properly closed.
[0m09:23:41.330747 [debug] [MainThread]: Sending event: {'category': 'dbt', 'action': 'invocation', 'label': 'end', 'context': [<snowplow_tracker.self_describing_json.SelfDescribingJson object at 0x106f81f10>, <snowplow_tracker.self_describing_json.SelfDescribingJson object at 0x109e79400>, <snowplow_tracker.self_describing_json.SelfDescribingJson object at 0x109e79580>]}
[0m09:23:41.331026 [debug] [MainThread]: Flushing usage events
[0m21:45:58.817276 [debug] [MainThread]: Sending event: {'category': 'dbt', 'action': 'invocation', 'label': 'start', 'context': [<snowplow_tracker.self_describing_json.SelfDescribingJson object at 0x106725ee0>, <snowplow_tracker.self_describing_json.SelfDescribingJson object at 0x118de7460>, <snowplow_tracker.self_describing_json.SelfDescribingJson object at 0x118de7790>]}


============================== 21:45:58.821503 | 90a7843d-53d7-4f02-83c8-84e7871c22c8 ==============================
[0m21:45:58.821503 [info ] [MainThread]: Running with dbt=1.8.7
[0m21:45:58.821884 [debug] [MainThread]: running dbt with arguments {'printer_width': '80', 'indirect_selection': 'eager', 'log_cache_events': 'False', 'write_json': 'True', 'partial_parse': 'True', 'cache_selected_only': 'False', 'profiles_dir': '/Users/guido.schmutz/.dbt', 'version_check': 'True', 'debug': 'False', 'log_path': 'logs', 'warn_error': 'None', 'fail_fast': 'False', 'use_colors': 'True', 'use_experimental_parser': 'False', 'no_print': 'None', 'quiet': 'False', 'empty': 'None', 'log_format': 'default', 'static_parser': 'True', 'warn_error_options': 'WarnErrorOptions(include=[], exclude=[])', 'invocation_command': 'dbt init', 'target_path': 'None', 'introspect': 'True', 'send_anonymous_usage_stats': 'True'}
[0m21:46:19.610877 [debug] [MainThread]: Starter project path: /Users/guido.schmutz/Documents/GitHub/gschmutz/bigdata-spark-workshop/12-dbt-spark/venv/lib/python3.9/site-packages/dbt/include/starter_project
[0m21:46:19.697289 [info ] [MainThread]: 
Your new dbt project "dbt_demo" was created!

For more information on how to configure the profiles.yml file,
please consult the dbt documentation here:

  https://docs.getdbt.com/docs/configure-your-profile

One more thing:

Need help? Don't hesitate to reach out to us via GitHub issues or on Slack:

  https://community.getdbt.com/

Happy modeling!

[0m21:46:19.698119 [info ] [MainThread]: Setting up your profile.
[0m21:46:22.506481 [debug] [MainThread]: Spark adapter: Setting pyhive.hive logging to ERROR
[0m21:46:22.507274 [debug] [MainThread]: Spark adapter: Setting thrift.transport logging to ERROR
[0m21:46:22.507534 [debug] [MainThread]: Spark adapter: Setting thrift.protocol logging to ERROR
[0m21:46:47.648027 [info ] [MainThread]: Profile dbt_demo written to /Users/guido.schmutz/.dbt/profiles.yml using target's profile_template.yml and your supplied values. Run 'dbt debug' to validate the connection.
[0m21:46:47.671522 [debug] [MainThread]: Resource report: {"command_name": "init", "command_success": true, "command_wall_clock_time": 48.976845, "process_user_time": 0.782008, "process_kernel_time": 0.249503, "process_mem_max_rss": "92045312", "process_in_blocks": "0", "process_out_blocks": "0"}
[0m21:46:47.672258 [debug] [MainThread]: Command `dbt init` succeeded at 21:46:47.672158 after 48.98 seconds
[0m21:46:47.672666 [debug] [MainThread]: Sending event: {'category': 'dbt', 'action': 'invocation', 'label': 'end', 'context': [<snowplow_tracker.self_describing_json.SelfDescribingJson object at 0x106725ee0>, <snowplow_tracker.self_describing_json.SelfDescribingJson object at 0x118de2ca0>, <snowplow_tracker.self_describing_json.SelfDescribingJson object at 0x118db3fd0>]}
[0m21:46:47.672980 [debug] [MainThread]: Flushing usage events
